0 info it worked if it ends with ok
1 verbose cli [ 'C:\\Program Files\\nodejs\\node.exe',
1 verbose cli   'C:\\Program Files\\nodejs\\node_modules\\npm\\bin\\npm-cli.js',
1 verbose cli   'install',
1 verbose cli   'child_process',
1 verbose cli   '--save' ]
2 info using npm@2.14.12
3 info using node@v4.3.0
4 verbose install initial load of C:\Workspace\Github\AndroidAPKAnalysis\webapp\package.json
5 warn package.json AndroidAPKAnalysis@1.0.0 No repository field.
6 verbose installManyTop reading scoped package data from C:\Workspace\Github\AndroidAPKAnalysis\webapp\node_modules\body-parser\package.json
7 verbose installManyTop reading scoped package data from C:\Workspace\Github\AndroidAPKAnalysis\webapp\node_modules\cookie-parser\package.json
8 verbose installManyTop reading scoped package data from C:\Workspace\Github\AndroidAPKAnalysis\webapp\node_modules\express\package.json
9 verbose installManyTop reading scoped package data from C:\Workspace\Github\AndroidAPKAnalysis\webapp\node_modules\express-session\package.json
10 verbose installManyTop reading scoped package data from C:\Workspace\Github\AndroidAPKAnalysis\webapp\node_modules\fs-exists\package.json
11 verbose installManyTop reading scoped package data from C:\Workspace\Github\AndroidAPKAnalysis\webapp\node_modules\jade\package.json
12 verbose installManyTop reading scoped package data from C:\Workspace\Github\AndroidAPKAnalysis\webapp\node_modules\karma\package.json
13 verbose installManyTop reading scoped package data from C:\Workspace\Github\AndroidAPKAnalysis\webapp\node_modules\karma-chai-plugins\package.json
14 verbose installManyTop reading scoped package data from C:\Workspace\Github\AndroidAPKAnalysis\webapp\node_modules\karma-chrome-launcher\package.json
15 verbose installManyTop reading scoped package data from C:\Workspace\Github\AndroidAPKAnalysis\webapp\node_modules\karma-mocha\package.json
16 verbose installManyTop reading scoped package data from C:\Workspace\Github\AndroidAPKAnalysis\webapp\node_modules\mocha\package.json
17 verbose installManyTop reading scoped package data from C:\Workspace\Github\AndroidAPKAnalysis\webapp\node_modules\mongoose\package.json
18 verbose installManyTop reading scoped package data from C:\Workspace\Github\AndroidAPKAnalysis\webapp\node_modules\morgan\package.json
19 verbose installManyTop reading scoped package data from C:\Workspace\Github\AndroidAPKAnalysis\webapp\node_modules\multer\package.json
20 verbose installManyTop reading scoped package data from C:\Workspace\Github\AndroidAPKAnalysis\webapp\node_modules\passport\package.json
21 verbose installManyTop reading scoped package data from C:\Workspace\Github\AndroidAPKAnalysis\webapp\node_modules\passport-local\package.json
22 verbose installManyTop reading scoped package data from C:\Workspace\Github\AndroidAPKAnalysis\webapp\node_modules\python-shell\package.json
23 verbose installManyTop reading scoped package data from C:\Workspace\Github\AndroidAPKAnalysis\webapp\node_modules\shelljs\package.json
24 verbose installManyTop reading scoped package data from C:\Workspace\Github\AndroidAPKAnalysis\webapp\node_modules\stylus\package.json
25 info package.json fs-exists@0.1.1 No license field.
26 info package.json mocha@1.21.5 No license field.
27 info package.json passport-local@1.0.0 No license field.
28 info package.json stylus@0.45.1 No license field.
29 verbose readDependencies loading dependencies from C:\Workspace\Github\AndroidAPKAnalysis\webapp\package.json
30 silly cache add args [ 'child_process', null ]
31 verbose cache add spec child_process
32 silly cache add parsed spec Result {
32 silly cache add   raw: 'child_process',
32 silly cache add   scope: null,
32 silly cache add   name: 'child_process',
32 silly cache add   rawSpec: '',
32 silly cache add   spec: 'latest',
32 silly cache add   type: 'tag' }
33 silly addNamed child_process@latest
34 verbose addNamed "latest" is being treated as a dist-tag for child_process
35 info addNameTag [ 'child_process', 'latest' ]
36 silly mapToRegistry name child_process
37 silly mapToRegistry using default registry
38 silly mapToRegistry registry https://registry.npmjs.org/
39 silly mapToRegistry uri https://registry.npmjs.org/child_process
40 verbose addNameTag registry:https://registry.npmjs.org/child_process not in flight; fetching
41 verbose request uri https://registry.npmjs.org/child_process
42 verbose request no auth needed
43 info attempt registry request try #1 at 4:52:00 AM
44 verbose request id 5d383772bcdb2655
45 http request GET https://registry.npmjs.org/child_process
46 http 404 https://registry.npmjs.org/child_process
47 verbose headers { 'content-type': 'application/json',
47 verbose headers   'cache-control': 'max-age=0',
47 verbose headers   'content-length': '2',
47 verbose headers   'accept-ranges': 'bytes',
47 verbose headers   date: 'Mon, 18 Apr 2016 09:52:01 GMT',
47 verbose headers   via: '1.1 varnish',
47 verbose headers   age: '0',
47 verbose headers   connection: 'keep-alive',
47 verbose headers   'x-served-by': 'cache-dfw1835-DFW',
47 verbose headers   'x-cache': 'MISS',
47 verbose headers   'x-cache-hits': '0',
47 verbose headers   'x-timer': 'S1460973121.223069,VS0,VE82',
47 verbose headers   vary: 'Accept-Encoding' }
48 silly get cb [ 404,
48 silly get   { 'content-type': 'application/json',
48 silly get     'cache-control': 'max-age=0',
48 silly get     'content-length': '2',
48 silly get     'accept-ranges': 'bytes',
48 silly get     date: 'Mon, 18 Apr 2016 09:52:01 GMT',
48 silly get     via: '1.1 varnish',
48 silly get     age: '0',
48 silly get     connection: 'keep-alive',
48 silly get     'x-served-by': 'cache-dfw1835-DFW',
48 silly get     'x-cache': 'MISS',
48 silly get     'x-cache-hits': '0',
48 silly get     'x-timer': 'S1460973121.223069,VS0,VE82',
48 silly get     vary: 'Accept-Encoding' } ]
49 verbose stack Error: Registry returned 404 for GET on https://registry.npmjs.org/child_process
49 verbose stack     at makeError (C:\Program Files\nodejs\node_modules\npm\node_modules\npm-registry-client\lib\request.js:264:12)
49 verbose stack     at CachingRegistryClient.<anonymous> (C:\Program Files\nodejs\node_modules\npm\node_modules\npm-registry-client\lib\request.js:242:14)
49 verbose stack     at Request._callback (C:\Program Files\nodejs\node_modules\npm\node_modules\npm-registry-client\lib\request.js:172:14)
49 verbose stack     at Request.self.callback (C:\Program Files\nodejs\node_modules\npm\node_modules\request\request.js:198:22)
49 verbose stack     at emitTwo (events.js:87:13)
49 verbose stack     at Request.emit (events.js:172:7)
49 verbose stack     at Request.<anonymous> (C:\Program Files\nodejs\node_modules\npm\node_modules\request\request.js:1082:10)
49 verbose stack     at emitOne (events.js:82:20)
49 verbose stack     at Request.emit (events.js:169:7)
49 verbose stack     at IncomingMessage.<anonymous> (C:\Program Files\nodejs\node_modules\npm\node_modules\request\request.js:1009:12)
50 verbose statusCode 404
51 verbose pkgid child_process
52 verbose cwd C:\Workspace\Github\AndroidAPKAnalysis\webapp
53 error Windows_NT 10.0.10586
54 error argv "C:\\Program Files\\nodejs\\node.exe" "C:\\Program Files\\nodejs\\node_modules\\npm\\bin\\npm-cli.js" "install" "child_process" "--save"
55 error node v4.3.0
56 error npm  v2.14.12
57 error code E404
58 error 404 Registry returned 404 for GET on https://registry.npmjs.org/child_process
58 error 404
58 error 404 'child_process' is not in the npm registry.
58 error 404 Your package name is not valid, because
58 error 404
58 error 404  1. child_process is a core module name
58 error 404 It was specified as a dependency of 'AndroidAPKAnalysis'
58 error 404
58 error 404 Note that you can also install from a
58 error 404 tarball, folder, http url, or git url.
59 verbose exit [ 1, true ]
